# JRE version: OpenJDK Runtime Environment Zulu24.30+11-CA (24.0.1+9) (build 24.0.1+9)
# Java VM: OpenJDK 64-Bit Server VM Zulu24.30+11-CA (24.0.1+9, mixed mode, sharing, tiered, compressed oops, compressed class ptrs, g1 gc, windows-amd64)
GC Precious Log:
 CardTable entry size: 512
 Card Set container configuration: InlinePtr #cards 5 size 8 Array Of Cards #cards 10 size 36 Howl #buckets 4 coarsen threshold 1843 Howl Bitmap #cards 512 size 80 coarsen threshold 460 Card regions per heap region 1 cards per card region 2048
 CPUs: 4 total, 4 available
 Memory: 8083M
 Large Page Support: Disabled
 NUMA Support: Disabled
 Compressed Oops: Enabled (32-bit)
 Heap Region Size: 1M
 Heap Min Capacity: 8M
 Heap Initial Capacity: 8M
 Heap Max Capacity: 2022M
 Pre-touch: Disabled
 Parallel Workers: 4
 Concurrent Workers: 1
 Concurrent Refinement Workers: 4
 Periodic GC: Disabled
Heap:
 garbage-first heap   total reserved 2070528K, committed 30720K, used 19589K [0x0000000081a00000, 0x0000000100000000)
  region size 1024K, 4 young (4096K), 2 survivors (2048K)
 Metaspace       used 11372K, committed 11584K, reserved 1114112K
  class space    used 1117K, committed 1216K, reserved 1048576K
GC Heap History (20 events):
Event: 1.203 GC heap before
{Heap before GC invocations=9 (full 0):
 garbage-first heap   total reserved 2070528K, committed 12288K, used 8916K [0x0000000081a00000, 0x0000000100000000)
  region size 1024K, 3 young (3072K), 1 survivors (1024K)
 Metaspace       used 8988K, committed 9216K, reserved 1114112K
  class space    used 859K, committed 960K, reserved 1048576K
}
Event: 1.208 GC heap after
{Heap after GC invocations=10 (full 0):
 garbage-first heap   total reserved 2070528K, committed 12288K, used 7642K [0x0000000081a00000, 0x0000000100000000)
  region size 1024K, 1 young (1024K), 1 survivors (1024K)
 Metaspace       used 8988K, committed 9216K, reserved 1114112K
  class space    used 859K, committed 960K, reserved 1048576K
}
Event: 1.282 GC heap before
{Heap before GC invocations=11 (full 0):
 garbage-first heap   total reserved 2070528K, committed 15360K, used 10714K [0x0000000081a00000, 0x0000000100000000)
  region size 1024K, 3 young (3072K), 1 survivors (1024K)
 Metaspace       used 8990K, committed 9216K, reserved 1114112K
  class space    used 859K, committed 960K, reserved 1048576K
}
Event: 1.289 GC heap after
{Heap after GC invocations=12 (full 0):
 garbage-first heap   total reserved 2070528K, committed 15360K, used 10051K [0x0000000081a00000, 0x0000000100000000)
  region size 1024K, 1 young (1024K), 1 survivors (1024K)
 Metaspace       used 8990K, committed 9216K, reserved 1114112K
  class space    used 859K, committed 960K, reserved 1048576K
}
Event: 1.331 GC heap before
{Heap before GC invocations=12 (full 0):
 garbage-first heap   total reserved 2070528K, committed 15360K, used 12099K [0x0000000081a00000, 0x0000000100000000)
  region size 1024K, 3 young (3072K), 1 survivors (1024K)
 Metaspace       used 8999K, committed 9216K, reserved 1114112K
  class space    used 859K, committed 960K, reserved 1048576K
}
Event: 1.333 GC heap after
{Heap after GC invocations=13 (full 0):
 garbage-first heap   total reserved 2070528K, committed 15360K, used 10197K [0x0000000081a00000, 0x0000000100000000)
  region size 1024K, 1 young (1024K), 1 survivors (1024K)
 Metaspace       used 8999K, committed 9216K, reserved 1114112K
  class space    used 859K, committed 960K, reserved 1048576K
}
Event: 1.382 GC heap before
{Heap before GC invocations=14 (full 0):
 garbage-first heap   total reserved 2070528K, committed 19456K, used 12245K [0x0000000081a00000, 0x0000000100000000)
  region size 1024K, 3 young (3072K), 1 survivors (1024K)
 Metaspace       used 9014K, committed 9216K, reserved 1114112K
  class space    used 859K, committed 960K, reserved 1048576K
}
Event: 1.383 GC heap after
{Heap after GC invocations=15 (full 0):
 garbage-first heap   total reserved 2070528K, committed 19456K, used 10212K [0x0000000081a00000, 0x0000000100000000)
  region size 1024K, 1 young (1024K), 1 survivors (1024K)
 Metaspace       used 9014K, committed 9216K, reserved 1114112K
  class space    used 859K, committed 960K, reserved 1048576K
}
Event: 1.469 GC heap before
{Heap before GC invocations=15 (full 0):
 garbage-first heap   total reserved 2070528K, committed 19456K, used 14308K [0x0000000081a00000, 0x0000000100000000)
  region size 1024K, 5 young (5120K), 1 survivors (1024K)
 Metaspace       used 9189K, committed 9408K, reserved 1114112K
  class space    used 881K, committed 1024K, reserved 1048576K
}
Event: 1.472 GC heap after
{Heap after GC invocations=16 (full 0):
 garbage-first heap   total reserved 2070528K, committed 19456K, used 10860K [0x0000000081a00000, 0x0000000100000000)
  region size 1024K, 1 young (1024K), 1 survivors (1024K)
 Metaspace       used 9189K, committed 9408K, reserved 1114112K
  class space    used 881K, committed 1024K, reserved 1048576K
}
Event: 1.651 GC heap before
{Heap before GC invocations=17 (full 0):
 garbage-first heap   total reserved 2070528K, committed 19456K, used 14956K [0x0000000081a00000, 0x0000000100000000)
  region size 1024K, 5 young (5120K), 1 survivors (1024K)
 Metaspace       used 9444K, committed 9664K, reserved 1114112K
  class space    used 908K, committed 1024K, reserved 1048576K
}
Event: 1.656 GC heap after
{Heap after GC invocations=18 (full 0):
 garbage-first heap   total reserved 2070528K, committed 19456K, used 11583K [0x0000000081a00000, 0x0000000100000000)
  region size 1024K, 1 young (1024K), 1 survivors (1024K)
 Metaspace       used 9444K, committed 9664K, reserved 1114112K
  class space    used 908K, committed 1024K, reserved 1048576K
}
Event: 1.683 GC heap before
{Heap before GC invocations=18 (full 0):
 garbage-first heap   total reserved 2070528K, committed 19456K, used 15679K [0x0000000081a00000, 0x0000000100000000)
  region size 1024K, 5 young (5120K), 1 survivors (1024K)
 Metaspace       used 9465K, committed 9664K, reserved 1114112K
  class space    used 911K, committed 1024K, reserved 1048576K
}
Event: 1.688 GC heap after
{Heap after GC invocations=19 (full 0):
 garbage-first heap   total reserved 2070528K, committed 30720K, used 12094K [0x0000000081a00000, 0x0000000100000000)
  region size 1024K, 1 young (1024K), 1 survivors (1024K)
 Metaspace       used 9465K, committed 9664K, reserved 1114112K
  class space    used 911K, committed 1024K, reserved 1048576K
}
Event: 1.812 GC heap before
{Heap before GC invocations=19 (full 0):
 garbage-first heap   total reserved 2070528K, committed 30720K, used 21310K [0x0000000081a00000, 0x0000000100000000)
  region size 1024K, 11 young (11264K), 1 survivors (1024K)
 Metaspace       used 9548K, committed 9728K, reserved 1114112K
  class space    used 915K, committed 1024K, reserved 1048576K
}
Event: 1.820 GC heap after
{Heap after GC invocations=20 (full 0):
 garbage-first heap   total reserved 2070528K, committed 30720K, used 13730K [0x0000000081a00000, 0x0000000100000000)
  region size 1024K, 2 young (2048K), 2 survivors (2048K)
 Metaspace       used 9548K, committed 9728K, reserved 1114112K
  class space    used 915K, committed 1024K, reserved 1048576K
}
Event: 1.980 GC heap before
{Heap before GC invocations=20 (full 0):
 garbage-first heap   total reserved 2070528K, committed 30720K, used 20898K [0x0000000081a00000, 0x0000000100000000)
  region size 1024K, 10 young (10240K), 2 survivors (2048K)
 Metaspace       used 9695K, committed 9920K, reserved 1114112K
  class space    used 916K, committed 1024K, reserved 1048576K
}
Event: 1.992 GC heap after
{Heap after GC invocations=21 (full 0):
 garbage-first heap   total reserved 2070528K, committed 30720K, used 15635K [0x0000000081a00000, 0x0000000100000000)
  region size 1024K, 2 young (2048K), 2 survivors (2048K)
 Metaspace       used 9695K, committed 9920K, reserved 1114112K
  class space    used 916K, committed 1024K, reserved 1048576K
}
Event: 2.196 GC heap before
{Heap before GC invocations=21 (full 0):
 garbage-first heap   total reserved 2070528K, committed 30720K, used 22803K [0x0000000081a00000, 0x0000000100000000)
  region size 1024K, 10 young (10240K), 2 survivors (2048K)
 Metaspace       used 10248K, committed 10432K, reserved 1114112K
  class space    used 987K, committed 1088K, reserved 1048576K
}
Event: 2.202 GC heap after
{Heap after GC invocations=22 (full 0):
 garbage-first heap   total reserved 2070528K, committed 30720K, used 17361K [0x0000000081a00000, 0x0000000100000000)
  region size 1024K, 2 young (2048K), 2 survivors (2048K)
 Metaspace       used 10248K, committed 10432K, reserved 1114112K
  class space    used 987K, committed 1088K, reserved 1048576K
}

